[{"name":"process_name","ph":"M","ts":0,"pid":56908,"tid":56908,"args":{"name":"evo run build --tracing"}},
{"name":"install dependencies","ph":"B","ts":296,"pid":56908,"tid":0},
{"name":"install dependencies","ph":"E","ts":4290143,"pid":56908,"tid":0},
{"name":"invalidate workspaces","ph":"B","ts":4290185,"pid":56908,"tid":0},
{"name":"invalidate workspaces","ph":"E","ts":4303781,"pid":56908,"tid":0},
{"name":"linking workspaces","ph":"B","ts":4303839,"pid":56908,"tid":0},
{"name":"linking workspaces","ph":"E","ts":4308080,"pid":56908,"tid":0},
{"name":"create tasks from workspaces","ph":"B","ts":4308131,"pid":56908,"tid":0},
{"name":"create tasks from workspaces","ph":"E","ts":4308341,"pid":56908,"tid":0},
{"name":"pkg-b:build","ph":"B","ts":4308507,"pid":56908,"tid":0},
{"name":"@opaline/runner:test","ph":"B","ts":4308583,"pid":56908,"tid":7},
{"name":"pkg-bin-ts:test","ph":"B","ts":4308582,"pid":56908,"tid":6},
{"name":"@opaline/help-theme-default:test","ph":"B","ts":4308565,"pid":56908,"tid":4},
{"name":"pkg-a:build","ph":"B","ts":4308545,"pid":56908,"tid":2},
{"name":"pkg-c:build","ph":"B","ts":4308561,"pid":56908,"tid":3},
{"name":"@pkg/a-ts:test","ph":"B","ts":4308531,"pid":56908,"tid":1},
{"name":"pkg-d:build","ph":"B","ts":4308580,"pid":56908,"tid":5},
{"name":"@opaline/help-theme-default:test","ph":"E","ts":4320706,"pid":56908,"tid":4},
{"name":"@opaline/runner:test","ph":"E","ts":4320966,"pid":56908,"tid":7},
{"name":"@opaline/help-theme-default:build","ph":"B","ts":4321699,"pid":56908,"tid":4},
{"name":"@opaline/runner:build","ph":"B","ts":4321818,"pid":56908,"tid":7},
{"name":"@pkg/a-ts:test","ph":"E","ts":4323357,"pid":56908,"tid":1},
{"name":"pkg-b-ts:lint","ph":"B","ts":4323532,"pid":56908,"tid":1},
{"name":"@pkg/a-ts:build","ph":"B","ts":4323599,"pid":56908,"tid":8},
{"name":"pkg-c:build","ph":"E","ts":4327177,"pid":56908,"tid":3},
{"name":"pkg-b:build","ph":"E","ts":4327673,"pid":56908,"tid":0},
{"name":"pkg-d:build","ph":"E","ts":4329553,"pid":56908,"tid":5},
{"name":"pkg-bin-ts:test","ph":"E","ts":4332855,"pid":56908,"tid":6},
{"name":"pkg-bin-ts:build","ph":"B","ts":4333397,"pid":56908,"tid":0},
{"name":"pkg-a:build","ph":"E","ts":4333424,"pid":56908,"tid":2},
{"name":"pkg-b-ts:lint","ph":"E","ts":4337335,"pid":56908,"tid":1},
{"name":"pkg-bin-ts:build","ph":"E","ts":10856572,"pid":56908,"tid":0},
{"name":"@opaline/help-theme-default:build","ph":"E","ts":10889275,"pid":56908,"tid":4},
{"name":"@pkg/a-ts:build","ph":"E","ts":10909299,"pid":56908,"tid":8},
{"name":"pkg-d-ts:test","ph":"B","ts":10909418,"pid":56908,"tid":0},
{"name":"pkg-b-ts:build","ph":"B","ts":10909433,"pid":56908,"tid":1},
{"name":"pkg-d-ts:test","ph":"E","ts":10916579,"pid":56908,"tid":0},
{"name":"pkg-d-ts:build","ph":"B","ts":10916864,"pid":56908,"tid":0},
{"name":"@opaline/runner:build","ph":"E","ts":10960542,"pid":56908,"tid":7},
{"name":"@opaline/core:test","ph":"B","ts":10960703,"pid":56908,"tid":2},
{"name":"@opaline/core:test","ph":"E","ts":13912636,"pid":56908,"tid":2},
{"name":"@opaline/core:build","ph":"B","ts":13912761,"pid":56908,"tid":2},
{"name":"pkg-b-ts:build","ph":"E","ts":16213363,"pid":56908,"tid":1},
{"name":"pkg-c-ts:pkgbints","ph":"B","ts":16213488,"pid":56908,"tid":1},
{"name":"pkg-d-ts:build","ph":"E","ts":16330088,"pid":56908,"tid":0},
{"name":"pkg-c-ts:pkgbints","ph":"E","ts":16515681,"pid":56908,"tid":1},
{"name":"pkg-c-ts:build","ph":"B","ts":16515748,"pid":56908,"tid":0},
{"name":"@opaline/core:build","ph":"E","ts":18587590,"pid":56908,"tid":2},
{"name":"pkg-c-ts:build","ph":"E","ts":20748124,"pid":56908,"tid":0},
{"name":"updating states of workspaces","ph":"B","ts":20748206,"pid":56908,"tid":0},
{"name":"updating states of workspaces","ph":"E","ts":20750461,"pid":56908,"tid":0},
