[{"name":"process_name","ph":"M","ts":0,"pid":5143,"tid":5143,"args":{"name":"evo run build"}},
{"name":"install dependencies","ph":"B","ts":110,"pid":5143,"tid":0},
{"name":"install dependencies","ph":"E","ts":396,"pid":5143,"tid":0},
{"name":"invalidate workspaces","ph":"B","ts":413,"pid":5143,"tid":0},
{"name":"invalidate workspaces","ph":"E","ts":14961,"pid":5143,"tid":0},
{"name":"linking workspaces","ph":"B","ts":15001,"pid":5143,"tid":0},
{"name":"linking workspaces","ph":"E","ts":28875,"pid":5143,"tid":0},
{"name":"create tasks from workspaces","ph":"B","ts":28939,"pid":5143,"tid":0},
{"name":"create tasks from workspaces","ph":"E","ts":29091,"pid":5143,"tid":0},
{"name":"@opaline/help-theme-default:build","ph":"B","ts":29257,"pid":5143,"tid":0},
{"name":"@pkg/a-ts:test","ph":"B","ts":29265,"pid":5143,"tid":1},
{"name":"pkg-bin-ts:build","ph":"B","ts":29308,"pid":5143,"tid":4},
{"name":"@pkg/a-ts:build","ph":"B","ts":29381,"pid":5143,"tid":7},
{"name":"pkg-b:build","ph":"B","ts":29294,"pid":5143,"tid":3},
{"name":"pkg-d:build","ph":"B","ts":29397,"pid":5143,"tid":8},
{"name":"@opaline/runner:build","ph":"B","ts":29287,"pid":5143,"tid":2},
{"name":"pkg-c:build","ph":"B","ts":29351,"pid":5143,"tid":5},
{"name":"pkg-a:build","ph":"B","ts":29368,"pid":5143,"tid":6},
{"name":"pkg-c:build","ph":"E","ts":39702,"pid":5143,"tid":5},
{"name":"pkg-a:build","ph":"E","ts":41220,"pid":5143,"tid":6},
{"name":"@pkg/a-ts:test","ph":"E","ts":43988,"pid":5143,"tid":1},
{"name":"pkg-b-ts:lint","ph":"B","ts":45006,"pid":5143,"tid":1},
{"name":"pkg-d:build","ph":"E","ts":45976,"pid":5143,"tid":8},
{"name":"pkg-b:build","ph":"E","ts":46189,"pid":5143,"tid":3},
{"name":"pkg-b-ts:lint","ph":"E","ts":54002,"pid":5143,"tid":1},
{"name":"pkg-bin-ts:build","ph":"E","ts":6612036,"pid":5143,"tid":4},
{"name":"@pkg/a-ts:build","ph":"E","ts":6696845,"pid":5143,"tid":7},
{"name":"pkg-d-ts:build","ph":"B","ts":6696957,"pid":5143,"tid":1},
{"name":"pkg-b-ts:build","ph":"B","ts":6696972,"pid":5143,"tid":3},
{"name":"@opaline/help-theme-default:build","ph":"E","ts":6886989,"pid":5143,"tid":0},
{"name":"@opaline/runner:build","ph":"E","ts":6892455,"pid":5143,"tid":2},
{"name":"@opaline/core:build","ph":"B","ts":6892582,"pid":5143,"tid":0},
{"name":"pkg-b-ts:build","ph":"E","ts":12131918,"pid":5143,"tid":3},
{"name":"pkg-c-ts:pkgbints","ph":"B","ts":12132034,"pid":5143,"tid":2},
{"name":"pkg-d-ts:build","ph":"E","ts":12169754,"pid":5143,"tid":1},
{"name":"@opaline/core:build","ph":"E","ts":12398681,"pid":5143,"tid":0},
{"name":"pkg-c-ts:pkgbints","ph":"E","ts":12462543,"pid":5143,"tid":2},
{"name":"pkg-c-ts:build","ph":"B","ts":12462640,"pid":5143,"tid":0},
{"name":"pkg-c-ts:build","ph":"E","ts":16967260,"pid":5143,"tid":0},
{"name":"updating states of workspaces","ph":"B","ts":16967367,"pid":5143,"tid":0},
{"name":"updating states of workspaces","ph":"E","ts":16969721,"pid":5143,"tid":0},
